<?xml version="1.0" encoding="UTF-8"?>
<!-- Generated by org.testng.reporters.JUnitXMLReporter -->
<testsuite ignored="0" hostname="DESKTOP-HMKMG6M" failures="0" tests="3" name="Default test" time="69.618" errors="0" timestamp="2024-02-12T11:49:42 IST">
  <testcase classname="testcases.DDF_LoginTest" name="qafoxDDFLoginTest" time="17.113"/>
  <testcase classname="testcases.DDF_LoginTest" name="qafoxDDFLoginTest" time="36.005"/>
  <testcase classname="testcases.DDF_LoginTest" name="qafoxDDFLoginTest" time="11.894"/>
</testsuite> <!-- Default test -->
