<?xml version="1.0" encoding="UTF-8"?>
<!-- Generated by org.testng.reporters.JUnitXMLReporter -->
<testsuite ignored="0" hostname="DESKTOP-HMKMG6M" failures="2" tests="3" name="LoginTest_ecexution" time="83.86" errors="0" timestamp="2024-02-12T12:00:25 IST">
  <testcase classname="testcases.DDF_LoginTest" name="qafoxDDFLoginTest" time="27.846">
    <failure type="java.lang.AssertionError" message="expected [Account Logoutl] but found [Account Logout]">
      <![CDATA[java.lang.AssertionError: expected [Account Logoutl] but found [Account Logout]
at pages.HomePage.logOutfromApplication(HomePage.java:33)
at testcases.DDF_LoginTest.qafoxDDFLoginTest(DDF_LoginTest.java:40)
at java.base/java.util.ArrayList.forEach(ArrayList.java:1511)
... Removed 33 stack frames]]>
    </failure>
  </testcase> <!-- qafoxDDFLoginTest -->
  <testcase classname="testcases.DDF_LoginTest" name="qafoxDDFLoginTest" time="37.576"/>
  <testcase classname="testcases.DDF_LoginTest" name="qafoxDDFLoginTest" time="14.02">
    <failure type="java.lang.AssertionError" message="expected [Account Logoutl] but found [Account Logout]">
      <![CDATA[java.lang.AssertionError: expected [Account Logoutl] but found [Account Logout]
at pages.HomePage.logOutfromApplication(HomePage.java:33)
at testcases.DDF_LoginTest.qafoxDDFLoginTest(DDF_LoginTest.java:40)
at java.base/java.util.ArrayList.forEach(ArrayList.java:1511)
... Removed 33 stack frames]]>
    </failure>
  </testcase> <!-- qafoxDDFLoginTest -->
</testsuite> <!-- LoginTest_ecexution -->
