<?xml version="1.0" encoding="UTF-8"?>
<!-- Generated by org.testng.reporters.JUnitXMLReporter -->
<testsuite ignored="0" hostname="DESKTOP-HMKMG6M" failures="1" tests="2" name="Test" time="47.09" errors="0" timestamp="2024-02-12T11:31:37 IST">
  <testcase classname="testcases.DDF_LoginTest" name="qafoxDDFLoginTest" time="45.217"/>
  <testcase classname="testcases.DDF_LoginTest" name="qafoxDDFLoginTest" time="46.793">
    <failure type="java.lang.NullPointerException" message="Cannot invoke &amp;quot;com.aventstack.extentreports.ExtentTest.log(com.aventstack.extentreports.Status, String)&amp;quot; because &amp;quot;this.extentTest&amp;quot; is null">
      <![CDATA[java.lang.NullPointerException: Cannot invoke "com.aventstack.extentreports.ExtentTest.log(com.aventstack.extentreports.Status, String)" because "this.extentTest" is null
at listeners.MyListener.onTestSuccess(MyListener.java:22)
at java.base/java.util.ArrayList.forEach(ArrayList.java:1511)
... Removed 24 stack frames]]>
    </failure>
  </testcase> <!-- qafoxDDFLoginTest -->
</testsuite> <!-- Test -->
